<?xml version="1.0" encoding="UTF-8"?>
<testsuite xmlns:xsi="http://www.w3.org/2001/XMLSchema-instance" xsi:noNamespaceSchemaLocation="https://maven.apache.org/surefire/maven-surefire-plugin/xsd/surefire-test-report-3.0.xsd" version="3.0" name="com.kitakeyos.AppTest" time="0.024" tests="1" errors="0" skipped="0" failures="0">
  <properties>
    <property name="java.specification.version" value="19"/>
    <property name="sun.cpu.isalist" value="amd64"/>
    <property name="sun.jnu.encoding" value="Cp1252"/>
    <property name="java.class.path" value="C:\Users\ledun\Downloads\NSOVINA\remote-debugging\target\test-classes;C:\Users\ledun\Downloads\NSOVINA\remote-debugging\target\classes;C:\Users\ledun\.m2\repository\junit\junit\3.8.1\junit-3.8.1.jar;"/>
    <property name="java.vm.vendor" value="Amazon.com Inc."/>
    <property name="sun.arch.data.model" value="64"/>
    <property name="user.variant" value=""/>
    <property name="java.vendor.url" value="https://aws.amazon.com/corretto/"/>
    <property name="user.timezone" value="Asia/Saigon"/>
    <property name="os.name" value="Windows 11"/>
    <property name="java.vm.specification.version" value="19"/>
    <property name="sun.java.launcher" value="SUN_STANDARD"/>
    <property name="user.country" value="US"/>
    <property name="sun.boot.library.path" value="C:\Users\ledun\.jdks\corretto-19.0.2\bin"/>
    <property name="sun.java.command" value="C:\Users\ledun\AppData\Local\Temp\surefire6427058252666778851\surefirebooter-20240818231848171_3.jar C:\Users\ledun\AppData\Local\Temp\surefire6427058252666778851 2024-08-18T23-18-47_996-jvmRun1 surefire-20240818231848171_1tmp surefire_0-20240818231848171_2tmp"/>
    <property name="jdk.debug" value="release"/>
    <property name="surefire.test.class.path" value="C:\Users\ledun\Downloads\NSOVINA\remote-debugging\target\test-classes;C:\Users\ledun\Downloads\NSOVINA\remote-debugging\target\classes;C:\Users\ledun\.m2\repository\junit\junit\3.8.1\junit-3.8.1.jar;"/>
    <property name="sun.cpu.endian" value="little"/>
    <property name="user.home" value="C:\Users\ledun"/>
    <property name="user.language" value="en"/>
    <property name="java.specification.vendor" value="Oracle Corporation"/>
    <property name="java.version.date" value="2023-01-17"/>
    <property name="java.home" value="C:\Users\ledun\.jdks\corretto-19.0.2"/>
    <property name="file.separator" value="\"/>
    <property name="basedir" value="C:\Users\ledun\Downloads\NSOVINA\remote-debugging"/>
    <property name="java.vm.compressedOopsMode" value="Zero based"/>
    <property name="line.separator" value="&#10;"/>
    <property name="java.vm.specification.vendor" value="Oracle Corporation"/>
    <property name="java.specification.name" value="Java Platform API Specification"/>
    <property name="surefire.real.class.path" value="C:\Users\ledun\AppData\Local\Temp\surefire6427058252666778851\surefirebooter-20240818231848171_3.jar"/>
    <property name="user.script" value=""/>
    <property name="sun.management.compiler" value="HotSpot 64-Bit Tiered Compilers"/>
    <property name="java.runtime.version" value="19.0.2+7-FR"/>
    <property name="user.name" value="ledun"/>
    <property name="stdout.encoding" value="Cp1252"/>
    <property name="path.separator" value=";"/>
    <property name="os.version" value="10.0"/>
    <property name="java.runtime.name" value="OpenJDK Runtime Environment"/>
    <property name="file.encoding" value="UTF-8"/>
    <property name="java.vm.name" value="OpenJDK 64-Bit Server VM"/>
    <property name="java.vendor.version" value="Corretto-19.0.2.7.1"/>
    <property name="localRepository" value="C:\Users\ledun\.m2\repository"/>
    <property name="java.vendor.url.bug" value="https://github.com/corretto/corretto-19/issues/"/>
    <property name="java.io.tmpdir" value="C:\Users\ledun\AppData\Local\Temp\"/>
    <property name="java.version" value="19.0.2"/>
    <property name="user.dir" value="C:\Users\ledun\Downloads\NSOVINA\remote-debugging"/>
    <property name="os.arch" value="amd64"/>
    <property name="java.vm.specification.name" value="Java Virtual Machine Specification"/>
    <property name="sun.os.patch.level" value=""/>
    <property name="native.encoding" value="Cp1252"/>
    <property name="java.library.path" value="C:\Users\ledun\.jdks\corretto-19.0.2\bin;C:\Windows\Sun\Java\bin;C:\Windows\system32;C:\Windows;C:\Users\ledun\AppData\Local\oh-my-posh;H:\Oracle-Softwares\Oracle_Home\bin;C:\oracle-client\product\19.0.0\client_1\bin;C:\Users\ledun\Downloads\bin;C:\Program Files (x86)\VMware\VMware Workstation\bin\;C:\Windows\system32;C:\Windows;C:\Windows\System32\Wbem;C:\Windows\System32\WindowsPowerShell\v1.0\;C:\Windows\System32\OpenSSH\;C:\Program Files (x86)\NVIDIA Corporation\PhysX\Common;C:\Program Files\NVIDIA Corporation\NVIDIA NvDLISR;C:\bin;C:\Program Files\Docker\Docker\resources\bin;C:\Program Files\nodejs\;C:\Program Files\Git\cmd;C:\Users\ledun\.jdks\corretto-19.0.2\bin;C:\bin\apache-ant-1.10.13\bin;C:\bin\apache-maven-3.9.6\bin;C:\Program Files\dotnet\;C:\bin\kafka_2.13-3.6.2\bin\windows;C:\bin\keycloak-24.0.3\bin;C:\Program Files\Amazon\AWSCLIV2\;C:\Program Files\Go\bin;C:\bin\gradle-8.8\bin;C:\Users\ledun\AppData\Local\Programs\oh-my-posh\bin;C:\Program Files\Amazon\AWSSAMCLI\bin\;C:\Users\ledun\AppData\Local\Microsoft\WindowsApps;;C:\Users\ledun\AppData\Local\Programs\Microsoft VS Code\bin;C:\Users\ledun\AppData\Roaming\npm;C:\Program Files\JetBrains\GoLand 2024.1.4\bin;;C:\Program Files\JetBrains\IntelliJ IDEA 2024.1.1\bin;;C:\Users\ledun\go\bin;C:\Users\ledun\AppData\Local\Programs\oh-my-posh\bin;C:\Program Files\JetBrains\PyCharm 2024.1.6\bin;;."/>
    <property name="java.vm.info" value="mixed mode, sharing"/>
    <property name="stderr.encoding" value="Cp1252"/>
    <property name="java.vendor" value="Amazon.com Inc."/>
    <property name="java.vm.version" value="19.0.2+7-FR"/>
    <property name="sun.io.unicode.encoding" value="UnicodeLittle"/>
    <property name="java.class.version" value="63.0"/>
  </properties>
  <testcase name="testApp" classname="com.kitakeyos.AppTest" time="0.003"/>
</testsuite>